#
# There is insufficient memory for the Java Runtime Environment to continue.
# Native memory allocation (mmap) failed to map 134217728 bytes. Error detail: G1 virtual space
# Possible reasons:
#   The system is out of physical RAM or swap space
#   This process is running with CompressedOops enabled, and the Java Heap may be blocking the growth of the native heap
# Possible solutions:
#   Reduce memory load on the system
#   Increase physical memory or swap space
#   Check if swap backing store is full
#   Decrease Java heap size (-Xmx/-Xms)
#   Decrease number of Java threads
#   Decrease Java thread stack sizes (-Xss)
#   Set larger code cache with -XX:ReservedCodeCacheSize=
#   JVM is running with Unscaled Compressed Oops mode in which the Java heap is
#     placed in the first 4GB address space. The Java Heap base address is the
#     maximum limit for the native heap growth. Please use -XX:HeapBaseMinAddress
#     to set the Java Heap base and to place the Java Heap above 4GB virtual address.
# This output file may be truncated or incomplete.
#
#  Out of Memory Error (os_windows.cpp:3925), pid=1192, tid=19452
#
# JRE version:  (21.0.8) (build )
# Java VM: OpenJDK 64-Bit Server VM (21.0.8+-14196175-b1038.72, mixed mode, sharing, tiered, compressed oops, compressed class ptrs, g1 gc, windows-amd64)
# No core dump will be written. Minidumps are not enabled by default on client versions of Windows
#

---------------  S U M M A R Y ------------

Command Line: 

Host: Intel(R) Core(TM) i5-6300U CPU @ 2.40GHz, 4 cores, 7G,  Windows 11 , 64 bit Build 22621 (10.0.22621.5415)
Time: Wed Apr  8 21:07:44 2026 Greenwich Standard Time elapsed time: 0.035371 seconds (0d 0h 0m 0s)

---------------  T H R E A D  ---------------

Current thread (0x0000027b1840f860):  JavaThread "Unknown thread" [_thread_in_vm, id=19452, stack(0x000000e428e00000,0x000000e428f00000) (1024K)]

Stack: [0x000000e428e00000,0x000000e428f00000]
Native frames: (J=compiled Java code, j=interpreted, Vv=VM code, C=native code)
V  [jvm.dll+0x6d68d9]
V  [jvm.dll+0x866693]
V  [jvm.dll+0x868c4e]
V  [jvm.dll+0x869333]
V  [jvm.dll+0x280566]
V  [jvm.dll+0x6d3195]
V  [jvm.dll+0x6c69ea]
V  [jvm.dll+0x3586db]
V  [jvm.dll+0x360336]
V  [jvm.dll+0x3b23f6]
V  [jvm.dll+0x3b26c8]
V  [jvm.dll+0x32ae6c]
V  [jvm.dll+0x32bb5b]
V  [jvm.dll+0x82e109]
V  [jvm.dll+0x3bf5c8]
V  [jvm.dll+0x817388]
V  [jvm.dll+0x453b6e]
V  [jvm.dll+0x4552d1]
C  [jli.dll+0x52ab]
C  [ucrtbase.dll+0x29333]
C  [KERNEL32.DLL+0x1259d]
C  [ntdll.dll+0x5af78]


---------------  P R O C E S S  ---------------

Threads class SMR info:
_java_thread_list=0x00007ff9fa61b988, length=0, elements={
}

Java Threads: ( => current thread )
Total: 0

Other Threads:
  0x0000027b1845bdc0 WorkerThread "GC Thread#0"                     [id=6480, stack(0x000000e429000000,0x000000e429100000) (1024K)]
  0x0000027b1846ca20 ConcurrentGCThread "G1 Main Marker"            [id=10464, stack(0x000000e429100000,0x000000e429200000) (1024K)]
  0x0000027b1846d690 WorkerThread "G1 Conc#0"                       [id=3872, stack(0x000000e429200000,0x000000e429300000) (1024K)]

[error occurred during error reporting (printing all threads), id 0xc0000005, EXCEPTION_ACCESS_VIOLATION (0xc0000005) at pc=0x00007ff9f9e0ddd7]
VM state: not at safepoint (not fully initialized)

VM Mutex/Monitor currently owned by a thread:  ([mutex/lock_event])
[0x00007ff9fa6886b8] Heap_lock - owner thread: 0x0000027b1840f860

Heap address: 0x0000000081c00000, size: 2020 MB, Compressed Oops mode: 32-bit

CDS archive(s) mapped at: [0x0000000000000000-0x0000000000000000-0x0000000000000000), size 0, SharedBaseAddress: 0x0000000800000000, ArchiveRelocationMode: 1.
Narrow klass base: 0x0000000000000000, Narrow klass shift: 0, Narrow klass range: 0x0

GC Precious Log:
 CardTable entry size: 512
 Card Set container configuration: InlinePtr #cards 5 size 8 Array Of Cards #cards 12 size 40 Howl #buckets 4 coarsen threshold 1843 Howl Bitmap #cards 512 size 80 coarsen threshold 460 Card regions per heap region 1 cards per card region 2048

Heap:
 garbage-first heap   total 0K, used 0K [0x0000000081c00000, 0x0000000100000000)
  region size 1024K, 0 young (0K), 0 survivors (0K)
 Metaspace       used 0K, committed 0K, reserved 0K
  class space    used 0K, committed 0K, reserved 0K

Heap Regions: E=young(eden), S=young(survivor), O=old, HS=humongous(starts), HC=humongous(continues), CS=collection set, F=free, TAMS=top-at-mark-start, PB=parsable bottom

Card table byte_map: [0x0000027b2a960000,0x0000027b2ad60000] _byte_map_base: 0x0000027b2a552000

Marking Bits: (CMBitMap*) 0x0000027b1845c4c0
 Bits: [0x0000027b2ad60000, 0x0000027b2ccf0000)

GC Heap History (0 events):
No events

Dll operation events (1 events):
Event: 0.023 Loaded shared library C:\Program Files\Android\Android Studio\jbr\bin\java.dll

Deoptimization events (0 events):
No events

Classes loaded (0 events):
No events

Classes unloaded (0 events):
No events

Classes redefined (0 events):
No events

Internal exceptions (0 events):
No events

ZGC Phase Switch (0 events):
No events

VM Operations (0 events):
No events

Memory protections (0 events):
No events

Nmethod flushes (0 events):
No events

Events (0 events):
No events


Dynamic libraries:
0x00007ff722860000 - 0x00007ff72286a000 	C:\Program Files\Android\Android Studio\jbr\bin\java.exe
0x00007ffa96090000 - 0x00007ffa962a8000 	C:\Windows\SYSTEM32\ntdll.dll
0x00007ffa93db0000 - 0x00007ffa93e74000 	C:\Windows\System32\KERNEL32.DLL
0x00007ffa93950000 - 0x00007ffa93d23000 	C:\Windows\System32\KERNELBASE.dll
0x00007ffa93670000 - 0x00007ffa93781000 	C:\Windows\System32\ucrtbase.dll
0x00007ffa0df80000 - 0x00007ffa0df98000 	C:\Program Files\Android\Android Studio\jbr\bin\jli.dll
0x00007ffa948c0000 - 0x00007ffa94a72000 	C:\Windows\System32\USER32.dll
0x00007ffa93640000 - 0x00007ffa93666000 	C:\Windows\System32\win32u.dll
0x00007ffa93f90000 - 0x00007ffa93fb9000 	C:\Windows\System32\GDI32.dll
0x00007ffa932f0000 - 0x00007ffa9340b000 	C:\Windows\System32\gdi32full.dll
0x00007ffa931d0000 - 0x00007ffa9326a000 	C:\Windows\System32\msvcp_win.dll
0x00007ffa0c710000 - 0x00007ffa0c72b000 	C:\Program Files\Android\Android Studio\jbr\bin\VCRUNTIME140.dll
0x00007ffa77ad0000 - 0x00007ffa77d6c000 	C:\Windows\WinSxS\amd64_microsoft.windows.common-controls_6595b64144ccf1df_6.0.22621.6060_none_2712eda17382d24b\COMCTL32.dll
0x00007ffa94d90000 - 0x00007ffa94e37000 	C:\Windows\System32\msvcrt.dll
0x00007ffa95680000 - 0x00007ffa956b1000 	C:\Windows\System32\IMM32.DLL
0x00007ffa63dd0000 - 0x00007ffa63ddc000 	C:\Program Files\Android\Android Studio\jbr\bin\vcruntime140_1.dll
0x00007ffa04570000 - 0x00007ffa045fd000 	C:\Program Files\Android\Android Studio\jbr\bin\msvcp140.dll
0x00007ff9f9ad0000 - 0x00007ff9fa766000 	C:\Program Files\Android\Android Studio\jbr\bin\server\jvm.dll
0x00007ffa959b0000 - 0x00007ffa95a61000 	C:\Windows\System32\ADVAPI32.dll
0x00007ffa956c0000 - 0x00007ffa95768000 	C:\Windows\System32\sechost.dll
0x00007ffa931a0000 - 0x00007ffa931c8000 	C:\Windows\System32\bcrypt.dll
0x00007ffa957f0000 - 0x00007ffa95908000 	C:\Windows\System32\RPCRT4.dll
0x00007ffa93d30000 - 0x00007ffa93da1000 	C:\Windows\System32\WS2_32.dll
0x00007ffa93070000 - 0x00007ffa930bd000 	C:\Windows\SYSTEM32\POWRPROF.dll
0x00007ffa8b8f0000 - 0x00007ffa8b924000 	C:\Windows\SYSTEM32\WINMM.dll
0x00007ffa8a910000 - 0x00007ffa8a91a000 	C:\Windows\SYSTEM32\VERSION.dll
0x00007ffa93050000 - 0x00007ffa93063000 	C:\Windows\SYSTEM32\UMPDC.dll
0x00007ffa92140000 - 0x00007ffa92158000 	C:\Windows\SYSTEM32\kernel.appcore.dll
0x00007ffa621d0000 - 0x00007ffa621da000 	C:\Program Files\Android\Android Studio\jbr\bin\jimage.dll
0x00007ffa8cae0000 - 0x00007ffa8cd13000 	C:\Windows\SYSTEM32\DBGHELP.DLL
0x00007ffa94e40000 - 0x00007ffa951d1000 	C:\Windows\System32\combase.dll
0x00007ffa95ca0000 - 0x00007ffa95d78000 	C:\Windows\System32\OLEAUT32.dll
0x00007ffa76650000 - 0x00007ffa76682000 	C:\Windows\SYSTEM32\dbgcore.DLL
0x00007ffa93270000 - 0x00007ffa932eb000 	C:\Windows\System32\bcryptPrimitives.dll
0x00007ffa0ba00000 - 0x00007ffa0ba20000 	C:\Program Files\Android\Android Studio\jbr\bin\java.dll

JVMTI agents: none

dbghelp: loaded successfully - version: 4.0.5 - missing functions: none
symbol engine: initialized successfully - sym options: 0x614 - pdb path: .;C:\Program Files\Android\Android Studio\jbr\bin;C:\Windows\SYSTEM32;C:\Windows\WinSxS\amd64_microsoft.windows.common-controls_6595b64144ccf1df_6.0.22621.6060_none_2712eda17382d24b;C:\Program Files\Android\Android Studio\jbr\bin\server

VM Arguments:
java_command: <unknown>
java_class_path (initial): <not set>
Launcher Type: SUN_STANDARD

[Global flags]
     intx CICompilerCount                          = 3                                         {product} {ergonomic}
     uint ConcGCThreads                            = 1                                         {product} {ergonomic}
     uint G1ConcRefinementThreads                  = 4                                         {product} {ergonomic}
   size_t G1HeapRegionSize                         = 1048576                                   {product} {ergonomic}
    uintx GCDrainStackTargetSize                   = 64                                        {product} {ergonomic}
   size_t InitialHeapSize                          = 134217728                                 {product} {ergonomic}
   size_t MarkStackSize                            = 4194304                                   {product} {ergonomic}
   size_t MaxHeapSize                              = 2118123520                                {product} {ergonomic}
   size_t MinHeapDeltaBytes                        = 1048576                                   {product} {ergonomic}
   size_t MinHeapSize                              = 8388608                                   {product} {ergonomic}
    uintx NonNMethodCodeHeapSize                   = 5832780                                {pd product} {ergonomic}
    uintx NonProfiledCodeHeapSize                  = 122912730                              {pd product} {ergonomic}
    uintx ProfiledCodeHeapSize                     = 122912730                              {pd product} {ergonomic}
    uintx ReservedCodeCacheSize                    = 251658240                              {pd product} {ergonomic}
     bool SegmentedCodeCache                       = true                                      {product} {ergonomic}
   size_t SoftMaxHeapSize                          = 2118123520                             {manageable} {ergonomic}
     bool UseCompressedOops                        = true                           {product lp64_product} {ergonomic}
     bool UseG1GC                                  = true                                      {product} {ergonomic}
     bool UseLargePagesIndividualAllocation        = false                                  {pd product} {ergonomic}

Logging:
Log output configuration:
 #0: stdout all=warning uptime,level,tags foldmultilines=false
 #1: stderr all=off uptime,level,tags foldmultilines=false

Environment Variables:
JAVA_HOME=C:\Program Files\Android\Android Studio\jbr
PATH=C:\Users\HP\AppData\Local\Programs\Microsoft VS Code;C:\Program Files (x86)\VMware\VMware Player\bin\;C:\Windows\system32;C:\Windows;C:\Windows\System32\Wbem;C:\Windows\System32\WindowsPowerShell\v1.0\;C:\Windows\System32\OpenSSH\;C:\Program Files (x86)\Microsoft SQL Server\160\Tools\Binn\;C:\Program Files\Microsoft SQL Server\160\Tools\Binn\;C:\Program Files\Microsoft SQL Server\Client SDK\ODBC\170\Tools\Binn\;C:\Program Files\Microsoft SQL Server\160\DTS\Binn\;C:\Program Files\Microsoft SQL Server\150\Tools\Binn\;C:\Program Files (x86)\Microsoft SQL Server\160\DTS\Binn\;C:\Program Files\Azure Data Studio\bin;C:\Program Files (x86)\Incredibuild;C:\Program Files (x86)\Windows Kits\10\Windows Performance Toolkit\;C:\Program Files\PowerShell\7\;C:\Program Files\dotnet\;C:\Program Files\CodeBlocks\MinGW\bin;C:\Program Files\nodejs\;C:\Program Files\MySQL\MySQL Server 8.0\bin;C:\Program Files\Git\cmd;D:\Git LFS;C:\Users\HP\AppData\Local\Programs\Python\Python311\Scripts\;C:\Users\HP\AppData\Local\Programs\Python\Python311\;C:\Program Files\MySQL\MySQL Shell 8.0\bin\;C:\Users\HP\AppData\Local\Programs\Python\Launcher\;C:\Users\HP\AppData\Local\Microsoft\WindowsApps;C:\Users\HP\AppData\Local\Programs\Microsoft VS Code\bin;C:\Users\HP\.dotnet\tools;C:\Program Files\Azure Data Studio\bin;C:\Users\HP\.bun\bin;C:\Users\HP\.vscode\flutter\bin;C:\Users\HP\AppData\Roaming\npm;D:\Android_SDK\platform-tools;D:\Android_SDK\emulator;
USERNAME=HP
OS=Windows_NT
PROCESSOR_IDENTIFIER=Intel64 Family 6 Model 78 Stepping 3, GenuineIntel
TMP=C:\Users\HP\AppData\Local\Temp
TEMP=C:\Users\HP\AppData\Local\Temp




Periodic native trim disabled

JNI global refs:
JNI global refs: 0, weak refs: 0

JNI global refs memory usage: 0, weak refs: 0

Process memory usage:
Resident Set Size: 11512K (0% of 8266336K total physical memory with 643760K free physical memory)

OOME stack traces (most recent first):
Classloader memory used:

---------------  S Y S T E M  ---------------

OS:
 Windows 11 , 64 bit Build 22621 (10.0.22621.5415)
OS uptime: 2 days 18:49 hours
Hyper-V role detected

CPU: total 4 (initial active 4) (2 cores per cpu, 2 threads per core) family 6 model 78 stepping 3 microcode 0xd6, cx8, cmov, fxsr, ht, mmx, 3dnowpref, sse, sse2, sse3, ssse3, sse4.1, sse4.2, popcnt, lzcnt, tsc, tscinvbit, avx, avx2, aes, erms, clmul, bmi1, bmi2, rtm, adx, fma, vzeroupper, clflush, clflushopt, hv, rdtscp, f16c
Processor Information for the first 4 processors :
  Max Mhz: 2496, Current Mhz: 2396, Mhz Limit: 2396

Memory: 4k page, system-wide physical 8072M (628M free)
TotalPageFile size 12655M (AvailPageFile size 155M)
current process WorkingSet (physical memory assigned to process): 11M, peak: 11M
current process commit charge ("private bytes"): 51M, peak: 179M

vm_info: OpenJDK 64-Bit Server VM (21.0.8+-14196175-b1038.72) for windows-amd64 JRE (21.0.8+-14196175-b1038.72), built on 2025-10-01T10:24:33Z by "builder" with MS VC++ 16.10 / 16.11 (VS2019)

END.
